<?xml version="1.0" encoding="UTF-8"?>
<!-- Generated by org.testng.reporters.JUnitReportReporter -->
<testsuite hostname="DESKTOP-U9HAFVU" failures="0" tests="1" name="myTest.Testclass1" time="0.018" errors="0" timestamp="2023-04-10T16:36:20 IST" skipped="0">
  <testcase classname="myTest.Testclass1" name="test" time="0.018"/>
  <system-out/>
</testsuite> <!-- myTest.Testclass1 -->
