<?xml version="1.0" encoding="UTF-8"?>
<!-- Generated by org.testng.reporters.JUnitReportReporter -->
<testsuite hostname="DESKTOP-U9HAFVU" failures="0" tests="1" name="com.qa.testRelatedPages.Test3" time="0.015" errors="0" timestamp="2023-04-25T16:40:40 IST" skipped="0">
  <testcase classname="com.qa.testRelatedPages.Test3" name="titleTest" time="0.015"/>
  <system-out/>
</testsuite> <!-- com.qa.testRelatedPages.Test3 -->
